Warning: you requested the nanomsg event logger, but bmv2 was compiled without -DBMELOG, and the event logger cannot be activated
Calling target program-options parser
[10:15:31.168] [bmv2] [D] [thread 15016] Set default default entry for table 'MyIngress.matchTable': NoAction - 
Adding interface s1-eth1 as port 1
[10:15:31.170] [bmv2] [D] [thread 15016] Adding interface s1-eth1 as port 1
Adding interface s1-eth2 as port 2
[10:15:31.206] [bmv2] [D] [thread 15016] Adding interface s1-eth2 as port 2
Adding interface s1-eth3 as port 3
[10:15:31.234] [bmv2] [D] [thread 15016] Adding interface s1-eth3 as port 3
Adding interface s1-eth4 as port 4
[10:15:31.270] [bmv2] [D] [thread 15016] Adding interface s1-eth4 as port 4
[10:15:31.298] [bmv2] [I] [thread 15016] Starting Thrift server on port 9090
[10:15:31.301] [bmv2] [I] [thread 15016] Thrift server was started
[10:15:31.303] [bmv2] [D] [thread 15022] [0.0] [cxt 0] Processing packet received on port 3
[10:15:31.303] [bmv2] [D] [thread 15022] [0.0] [cxt 0] Parser 'parser': start
[10:15:31.303] [bmv2] [D] [thread 15022] [0.0] [cxt 0] Parser 'parser' entering state 'start'
[10:15:31.303] [bmv2] [D] [thread 15022] [0.0] [cxt 0] Extracting header 'ethernet'
[10:15:31.303] [bmv2] [D] [thread 15022] [0.0] [cxt 0] Parser state 'start' has no switch, going to default next state
[10:15:31.303] [bmv2] [T] [thread 15022] [0.0] [cxt 0] Bytes parsed: 14
[10:15:31.303] [bmv2] [D] [thread 15022] [0.0] [cxt 0] Parser 'parser': end
[10:15:31.303] [bmv2] [D] [thread 15022] [0.0] [cxt 0] Pipeline 'ingress': start
[10:15:31.303] [bmv2] [T] [thread 15022] [0.0] [cxt 0] Applying table 'MyIngress.matchTable'
[10:15:31.303] [bmv2] [D] [thread 15022] [0.0] [cxt 0] Looking up key:
* hdr.ethernet.dstAddr: 3333ff000003

[10:15:31.303] [bmv2] [D] [thread 15022] [0.0] [cxt 0] Table 'MyIngress.matchTable': miss
[10:15:31.303] [bmv2] [D] [thread 15022] [0.0] [cxt 0] Action entry is NoAction - 
[10:15:31.303] [bmv2] [T] [thread 15022] [0.0] [cxt 0] Action NoAction
[10:15:31.303] [bmv2] [D] [thread 15022] [0.0] [cxt 0] Pipeline 'ingress': end
[10:15:31.303] [bmv2] [D] [thread 15022] [0.0] [cxt 0] Egress port is 0
[10:15:31.304] [bmv2] [D] [thread 15023] [0.0] [cxt 0] Pipeline 'egress': start
[10:15:31.304] [bmv2] [D] [thread 15023] [0.0] [cxt 0] Pipeline 'egress': end
[10:15:31.304] [bmv2] [D] [thread 15023] [0.0] [cxt 0] Deparser 'deparser': start
[10:15:31.304] [bmv2] [D] [thread 15023] [0.0] [cxt 0] Deparsing header 'ethernet'
[10:15:31.304] [bmv2] [D] [thread 15023] [0.0] [cxt 0] Deparser 'deparser': end
[10:15:31.304] [bmv2] [D] [thread 15027] [0.0] [cxt 0] Transmitting packet of size 78 out of port 0
[10:15:31.317] [bmv2] [D] [thread 15022] [1.0] [cxt 0] Processing packet received on port 3
[10:15:31.318] [bmv2] [D] [thread 15022] [1.0] [cxt 0] Parser 'parser': start
[10:15:31.318] [bmv2] [D] [thread 15022] [1.0] [cxt 0] Parser 'parser' entering state 'start'
[10:15:31.318] [bmv2] [D] [thread 15022] [1.0] [cxt 0] Extracting header 'ethernet'
[10:15:31.318] [bmv2] [D] [thread 15022] [1.0] [cxt 0] Parser state 'start' has no switch, going to default next state
[10:15:31.318] [bmv2] [T] [thread 15022] [1.0] [cxt 0] Bytes parsed: 14
[10:15:31.318] [bmv2] [D] [thread 15022] [1.0] [cxt 0] Parser 'parser': end
[10:15:31.318] [bmv2] [D] [thread 15022] [1.0] [cxt 0] Pipeline 'ingress': start
[10:15:31.318] [bmv2] [T] [thread 15022] [1.0] [cxt 0] Applying table 'MyIngress.matchTable'
[10:15:31.318] [bmv2] [D] [thread 15022] [1.0] [cxt 0] Looking up key:
* hdr.ethernet.dstAddr: 333300000016

[10:15:31.318] [bmv2] [D] [thread 15022] [1.0] [cxt 0] Table 'MyIngress.matchTable': miss
[10:15:31.318] [bmv2] [D] [thread 15022] [1.0] [cxt 0] Action entry is NoAction - 
[10:15:31.318] [bmv2] [T] [thread 15022] [1.0] [cxt 0] Action NoAction
[10:15:31.318] [bmv2] [D] [thread 15022] [1.0] [cxt 0] Pipeline 'ingress': end
[10:15:31.318] [bmv2] [D] [thread 15022] [1.0] [cxt 0] Egress port is 0
[10:15:31.318] [bmv2] [D] [thread 15023] [1.0] [cxt 0] Pipeline 'egress': start
[10:15:31.318] [bmv2] [D] [thread 15023] [1.0] [cxt 0] Pipeline 'egress': end
[10:15:31.318] [bmv2] [D] [thread 15023] [1.0] [cxt 0] Deparser 'deparser': start
[10:15:31.318] [bmv2] [D] [thread 15023] [1.0] [cxt 0] Deparsing header 'ethernet'
[10:15:31.318] [bmv2] [D] [thread 15023] [1.0] [cxt 0] Deparser 'deparser': end
[10:15:31.318] [bmv2] [D] [thread 15027] [1.0] [cxt 0] Transmitting packet of size 90 out of port 0
[10:15:31.573] [bmv2] [D] [thread 15022] [2.0] [cxt 0] Processing packet received on port 2
[10:15:31.573] [bmv2] [D] [thread 15022] [2.0] [cxt 0] Parser 'parser': start
[10:15:31.573] [bmv2] [D] [thread 15022] [2.0] [cxt 0] Parser 'parser' entering state 'start'
[10:15:31.573] [bmv2] [D] [thread 15022] [2.0] [cxt 0] Extracting header 'ethernet'
[10:15:31.573] [bmv2] [D] [thread 15022] [2.0] [cxt 0] Parser state 'start' has no switch, going to default next state
[10:15:31.573] [bmv2] [T] [thread 15022] [2.0] [cxt 0] Bytes parsed: 14
[10:15:31.573] [bmv2] [D] [thread 15022] [2.0] [cxt 0] Parser 'parser': end
[10:15:31.573] [bmv2] [D] [thread 15022] [2.0] [cxt 0] Pipeline 'ingress': start
[10:15:31.574] [bmv2] [T] [thread 15022] [2.0] [cxt 0] Applying table 'MyIngress.matchTable'
[10:15:31.574] [bmv2] [D] [thread 15022] [2.0] [cxt 0] Looking up key:
* hdr.ethernet.dstAddr: 333300000016

[10:15:31.574] [bmv2] [D] [thread 15022] [2.0] [cxt 0] Table 'MyIngress.matchTable': miss
[10:15:31.574] [bmv2] [D] [thread 15022] [2.0] [cxt 0] Action entry is NoAction - 
[10:15:31.574] [bmv2] [T] [thread 15022] [2.0] [cxt 0] Action NoAction
[10:15:31.574] [bmv2] [D] [thread 15022] [2.0] [cxt 0] Pipeline 'ingress': end
[10:15:31.574] [bmv2] [D] [thread 15022] [2.0] [cxt 0] Egress port is 0
[10:15:31.575] [bmv2] [D] [thread 15023] [2.0] [cxt 0] Pipeline 'egress': start
[10:15:31.575] [bmv2] [D] [thread 15023] [2.0] [cxt 0] Pipeline 'egress': end
[10:15:31.575] [bmv2] [D] [thread 15023] [2.0] [cxt 0] Deparser 'deparser': start
[10:15:31.575] [bmv2] [D] [thread 15023] [2.0] [cxt 0] Deparsing header 'ethernet'
[10:15:31.575] [bmv2] [D] [thread 15023] [2.0] [cxt 0] Deparser 'deparser': end
[10:15:31.575] [bmv2] [D] [thread 15027] [2.0] [cxt 0] Transmitting packet of size 90 out of port 0
[10:15:31.638] [bmv2] [D] [thread 15022] [3.0] [cxt 0] Processing packet received on port 1
[10:15:31.638] [bmv2] [D] [thread 15022] [3.0] [cxt 0] Parser 'parser': start
[10:15:31.638] [bmv2] [D] [thread 15022] [3.0] [cxt 0] Parser 'parser' entering state 'start'
[10:15:31.638] [bmv2] [D] [thread 15022] [3.0] [cxt 0] Extracting header 'ethernet'
[10:15:31.638] [bmv2] [D] [thread 15022] [3.0] [cxt 0] Parser state 'start' has no switch, going to default next state
[10:15:31.638] [bmv2] [T] [thread 15022] [3.0] [cxt 0] Bytes parsed: 14
[10:15:31.638] [bmv2] [D] [thread 15022] [3.0] [cxt 0] Parser 'parser': end
[10:15:31.638] [bmv2] [D] [thread 15022] [3.0] [cxt 0] Pipeline 'ingress': start
[10:15:31.638] [bmv2] [T] [thread 15022] [3.0] [cxt 0] Applying table 'MyIngress.matchTable'
[10:15:31.638] [bmv2] [D] [thread 15022] [3.0] [cxt 0] Looking up key:
* hdr.ethernet.dstAddr: 3333ff000001

[10:15:31.638] [bmv2] [D] [thread 15022] [3.0] [cxt 0] Table 'MyIngress.matchTable': miss
[10:15:31.638] [bmv2] [D] [thread 15022] [3.0] [cxt 0] Action entry is NoAction - 
[10:15:31.638] [bmv2] [T] [thread 15022] [3.0] [cxt 0] Action NoAction
[10:15:31.638] [bmv2] [D] [thread 15022] [3.0] [cxt 0] Pipeline 'ingress': end
[10:15:31.638] [bmv2] [D] [thread 15022] [3.0] [cxt 0] Egress port is 0
[10:15:31.639] [bmv2] [D] [thread 15023] [3.0] [cxt 0] Pipeline 'egress': start
[10:15:31.639] [bmv2] [D] [thread 15023] [3.0] [cxt 0] Pipeline 'egress': end
[10:15:31.639] [bmv2] [D] [thread 15023] [3.0] [cxt 0] Deparser 'deparser': start
[10:15:31.639] [bmv2] [D] [thread 15023] [3.0] [cxt 0] Deparsing header 'ethernet'
[10:15:31.639] [bmv2] [D] [thread 15023] [3.0] [cxt 0] Deparser 'deparser': end
[10:15:31.639] [bmv2] [D] [thread 15027] [3.0] [cxt 0] Transmitting packet of size 78 out of port 0
[10:15:31.659] [bmv2] [D] [thread 15022] [4.0] [cxt 0] Processing packet received on port 4
[10:15:31.659] [bmv2] [D] [thread 15022] [4.0] [cxt 0] Parser 'parser': start
[10:15:31.659] [bmv2] [D] [thread 15022] [4.0] [cxt 0] Parser 'parser' entering state 'start'
[10:15:31.659] [bmv2] [D] [thread 15022] [4.0] [cxt 0] Extracting header 'ethernet'
[10:15:31.659] [bmv2] [D] [thread 15022] [4.0] [cxt 0] Parser state 'start' has no switch, going to default next state
[10:15:31.659] [bmv2] [T] [thread 15022] [4.0] [cxt 0] Bytes parsed: 14
[10:15:31.659] [bmv2] [D] [thread 15022] [4.0] [cxt 0] Parser 'parser': end
[10:15:31.659] [bmv2] [D] [thread 15022] [4.0] [cxt 0] Pipeline 'ingress': start
[10:15:31.659] [bmv2] [T] [thread 15022] [4.0] [cxt 0] Applying table 'MyIngress.matchTable'
[10:15:31.659] [bmv2] [D] [thread 15022] [4.0] [cxt 0] Looking up key:
* hdr.ethernet.dstAddr: 333300000016

[10:15:31.659] [bmv2] [D] [thread 15022] [4.0] [cxt 0] Table 'MyIngress.matchTable': miss
[10:15:31.659] [bmv2] [D] [thread 15022] [4.0] [cxt 0] Action entry is NoAction - 
[10:15:31.659] [bmv2] [T] [thread 15022] [4.0] [cxt 0] Action NoAction
[10:15:31.660] [bmv2] [D] [thread 15022] [4.0] [cxt 0] Pipeline 'ingress': end
[10:15:31.660] [bmv2] [D] [thread 15022] [4.0] [cxt 0] Egress port is 0
[10:15:31.660] [bmv2] [D] [thread 15023] [4.0] [cxt 0] Pipeline 'egress': start
[10:15:31.660] [bmv2] [D] [thread 15023] [4.0] [cxt 0] Pipeline 'egress': end
[10:15:31.660] [bmv2] [D] [thread 15023] [4.0] [cxt 0] Deparser 'deparser': start
[10:15:31.660] [bmv2] [D] [thread 15023] [4.0] [cxt 0] Deparsing header 'ethernet'
[10:15:31.660] [bmv2] [D] [thread 15023] [4.0] [cxt 0] Deparser 'deparser': end
[10:15:31.660] [bmv2] [D] [thread 15027] [4.0] [cxt 0] Transmitting packet of size 90 out of port 0
[10:15:31.674] [bmv2] [D] [thread 15022] [5.0] [cxt 0] Processing packet received on port 1
[10:15:31.674] [bmv2] [D] [thread 15022] [5.0] [cxt 0] Parser 'parser': start
[10:15:31.674] [bmv2] [D] [thread 15022] [5.0] [cxt 0] Parser 'parser' entering state 'start'
[10:15:31.674] [bmv2] [D] [thread 15022] [5.0] [cxt 0] Extracting header 'ethernet'
[10:15:31.674] [bmv2] [D] [thread 15022] [5.0] [cxt 0] Parser state 'start' has no switch, going to default next state
[10:15:31.675] [bmv2] [T] [thread 15022] [5.0] [cxt 0] Bytes parsed: 14
[10:15:31.675] [bmv2] [D] [thread 15022] [5.0] [cxt 0] Parser 'parser': end
[10:15:31.675] [bmv2] [D] [thread 15022] [5.0] [cxt 0] Pipeline 'ingress': start
[10:15:31.675] [bmv2] [T] [thread 15022] [5.0] [cxt 0] Applying table 'MyIngress.matchTable'
[10:15:31.675] [bmv2] [D] [thread 15022] [5.0] [cxt 0] Looking up key:
* hdr.ethernet.dstAddr: 333300000016

[10:15:31.675] [bmv2] [D] [thread 15022] [5.0] [cxt 0] Table 'MyIngress.matchTable': miss
[10:15:31.675] [bmv2] [D] [thread 15022] [5.0] [cxt 0] Action entry is NoAction - 
[10:15:31.675] [bmv2] [T] [thread 15022] [5.0] [cxt 0] Action NoAction
[10:15:31.675] [bmv2] [D] [thread 15022] [5.0] [cxt 0] Pipeline 'ingress': end
[10:15:31.675] [bmv2] [D] [thread 15022] [5.0] [cxt 0] Egress port is 0
[10:15:31.676] [bmv2] [D] [thread 15023] [5.0] [cxt 0] Pipeline 'egress': start
[10:15:31.676] [bmv2] [D] [thread 15023] [5.0] [cxt 0] Pipeline 'egress': end
[10:15:31.676] [bmv2] [D] [thread 15023] [5.0] [cxt 0] Deparser 'deparser': start
[10:15:31.676] [bmv2] [D] [thread 15023] [5.0] [cxt 0] Deparsing header 'ethernet'
[10:15:31.676] [bmv2] [D] [thread 15023] [5.0] [cxt 0] Deparser 'deparser': end
[10:15:31.676] [bmv2] [D] [thread 15027] [5.0] [cxt 0] Transmitting packet of size 90 out of port 0
[10:15:31.790] [bmv2] [D] [thread 15022] [6.0] [cxt 0] Processing packet received on port 2
[10:15:31.790] [bmv2] [D] [thread 15022] [6.0] [cxt 0] Parser 'parser': start
[10:15:31.790] [bmv2] [D] [thread 15022] [6.0] [cxt 0] Parser 'parser' entering state 'start'
[10:15:31.790] [bmv2] [D] [thread 15022] [6.0] [cxt 0] Extracting header 'ethernet'
[10:15:31.791] [bmv2] [D] [thread 15022] [6.0] [cxt 0] Parser state 'start' has no switch, going to default next state
[10:15:31.791] [bmv2] [T] [thread 15022] [6.0] [cxt 0] Bytes parsed: 14
[10:15:31.791] [bmv2] [D] [thread 15022] [6.0] [cxt 0] Parser 'parser': end
[10:15:31.791] [bmv2] [D] [thread 15022] [6.0] [cxt 0] Pipeline 'ingress': start
[10:15:31.791] [bmv2] [T] [thread 15022] [6.0] [cxt 0] Applying table 'MyIngress.matchTable'
[10:15:31.791] [bmv2] [D] [thread 15022] [6.0] [cxt 0] Looking up key:
* hdr.ethernet.dstAddr: 3333ff000002

[10:15:31.791] [bmv2] [D] [thread 15022] [6.0] [cxt 0] Table 'MyIngress.matchTable': miss
[10:15:31.791] [bmv2] [D] [thread 15022] [6.0] [cxt 0] Action entry is NoAction - 
[10:15:31.791] [bmv2] [T] [thread 15022] [6.0] [cxt 0] Action NoAction
[10:15:31.791] [bmv2] [D] [thread 15022] [6.0] [cxt 0] Pipeline 'ingress': end
[10:15:31.791] [bmv2] [D] [thread 15022] [6.0] [cxt 0] Egress port is 0
[10:15:31.792] [bmv2] [D] [thread 15023] [6.0] [cxt 0] Pipeline 'egress': start
[10:15:31.792] [bmv2] [D] [thread 15023] [6.0] [cxt 0] Pipeline 'egress': end
[10:15:31.792] [bmv2] [D] [thread 15023] [6.0] [cxt 0] Deparser 'deparser': start
[10:15:31.792] [bmv2] [D] [thread 15023] [6.0] [cxt 0] Deparsing header 'ethernet'
[10:15:31.792] [bmv2] [D] [thread 15023] [6.0] [cxt 0] Deparser 'deparser': end
[10:15:31.792] [bmv2] [D] [thread 15027] [6.0] [cxt 0] Transmitting packet of size 78 out of port 0
[10:15:32.252] [bmv2] [D] [thread 15022] [7.0] [cxt 0] Processing packet received on port 4
[10:15:32.252] [bmv2] [D] [thread 15022] [7.0] [cxt 0] Parser 'parser': start
[10:15:32.252] [bmv2] [D] [thread 15022] [7.0] [cxt 0] Parser 'parser' entering state 'start'
[10:15:32.252] [bmv2] [D] [thread 15022] [7.0] [cxt 0] Extracting header 'ethernet'
[10:15:32.252] [bmv2] [D] [thread 15022] [7.0] [cxt 0] Parser state 'start' has no switch, going to default next state
[10:15:32.252] [bmv2] [T] [thread 15022] [7.0] [cxt 0] Bytes parsed: 14
[10:15:32.252] [bmv2] [D] [thread 15022] [7.0] [cxt 0] Parser 'parser': end
[10:15:32.253] [bmv2] [D] [thread 15022] [7.0] [cxt 0] Pipeline 'ingress': start
[10:15:32.253] [bmv2] [T] [thread 15022] [7.0] [cxt 0] Applying table 'MyIngress.matchTable'
[10:15:32.253] [bmv2] [D] [thread 15022] [7.0] [cxt 0] Looking up key:
* hdr.ethernet.dstAddr: 333300000016

[10:15:32.253] [bmv2] [D] [thread 15022] [7.0] [cxt 0] Table 'MyIngress.matchTable': miss
[10:15:32.253] [bmv2] [D] [thread 15022] [7.0] [cxt 0] Action entry is NoAction - 
[10:15:32.253] [bmv2] [T] [thread 15022] [7.0] [cxt 0] Action NoAction
[10:15:32.253] [bmv2] [D] [thread 15022] [7.0] [cxt 0] Pipeline 'ingress': end
[10:15:32.253] [bmv2] [D] [thread 15022] [7.0] [cxt 0] Egress port is 0
[10:15:32.253] [bmv2] [D] [thread 15022] [8.0] [cxt 0] Processing packet received on port 4
[10:15:32.253] [bmv2] [D] [thread 15022] [8.0] [cxt 0] Parser 'parser': start
[10:15:32.253] [bmv2] [D] [thread 15022] [8.0] [cxt 0] Parser 'parser' entering state 'start'
[10:15:32.253] [bmv2] [D] [thread 15022] [8.0] [cxt 0] Extracting header 'ethernet'
[10:15:32.253] [bmv2] [D] [thread 15022] [8.0] [cxt 0] Parser state 'start' has no switch, going to default next state
[10:15:32.253] [bmv2] [T] [thread 15022] [8.0] [cxt 0] Bytes parsed: 14
[10:15:32.253] [bmv2] [D] [thread 15022] [8.0] [cxt 0] Parser 'parser': end
[10:15:32.253] [bmv2] [D] [thread 15022] [8.0] [cxt 0] Pipeline 'ingress': start
[10:15:32.253] [bmv2] [T] [thread 15022] [8.0] [cxt 0] Applying table 'MyIngress.matchTable'
[10:15:32.253] [bmv2] [D] [thread 15023] [7.0] [cxt 0] Pipeline 'egress': start
[10:15:32.253] [bmv2] [D] [thread 15022] [8.0] [cxt 0] Looking up key:
* hdr.ethernet.dstAddr: 333300000002

[10:15:32.253] [bmv2] [D] [thread 15023] [7.0] [cxt 0] Pipeline 'egress': end
[10:15:32.253] [bmv2] [D] [thread 15022] [8.0] [cxt 0] Table 'MyIngress.matchTable': miss
[10:15:32.253] [bmv2] [D] [thread 15023] [7.0] [cxt 0] Deparser 'deparser': start
[10:15:32.253] [bmv2] [D] [thread 15022] [8.0] [cxt 0] Action entry is NoAction - 
[10:15:32.253] [bmv2] [T] [thread 15022] [8.0] [cxt 0] Action NoAction
[10:15:32.253] [bmv2] [D] [thread 15022] [8.0] [cxt 0] Pipeline 'ingress': end
[10:15:32.253] [bmv2] [D] [thread 15022] [8.0] [cxt 0] Egress port is 0
[10:15:32.253] [bmv2] [D] [thread 15023] [7.0] [cxt 0] Deparsing header 'ethernet'
[10:15:32.254] [bmv2] [D] [thread 15023] [7.0] [cxt 0] Deparser 'deparser': end
[10:15:32.254] [bmv2] [D] [thread 15023] [8.0] [cxt 0] Pipeline 'egress': start
[10:15:32.254] [bmv2] [D] [thread 15023] [8.0] [cxt 0] Pipeline 'egress': end
[10:15:32.254] [bmv2] [D] [thread 15023] [8.0] [cxt 0] Deparser 'deparser': start
[10:15:32.254] [bmv2] [D] [thread 15023] [8.0] [cxt 0] Deparsing header 'ethernet'
[10:15:32.254] [bmv2] [D] [thread 15027] [7.0] [cxt 0] Transmitting packet of size 90 out of port 0
[10:15:32.254] [bmv2] [D] [thread 15023] [8.0] [cxt 0] Deparser 'deparser': end
[10:15:32.254] [bmv2] [D] [thread 15027] [8.0] [cxt 0] Transmitting packet of size 70 out of port 0
[10:15:33.526] [bmv2] [T] [thread 15070] bm_get_config
[10:15:33.528] [bmv2] [T] [thread 15070] bm_set_default_action
[10:15:33.528] [bmv2] [D] [thread 15070] Set default entry for table 'MyIngress.matchTable': MyIngress.drop - 
[10:15:33.529] [bmv2] [T] [thread 15070] bm_table_add_entry
[10:15:33.529] [bmv2] [D] [thread 15070] Entry 0 added to table 'MyIngress.matchTable'
[10:15:33.529] [bmv2] [D] [thread 15070] Dumping entry 0
Match key:
* hdr.ethernet.dstAddr: EXACT     00000a000001
Action entry: MyIngress.actionTableRepeater - 1,

[10:15:33.530] [bmv2] [T] [thread 15070] bm_table_add_entry
[10:15:33.530] [bmv2] [D] [thread 15070] Entry 1 added to table 'MyIngress.matchTable'
[10:15:33.530] [bmv2] [D] [thread 15070] Dumping entry 1
Match key:
* hdr.ethernet.dstAddr: EXACT     00000a000002
Action entry: MyIngress.actionTableRepeater - 2,

[10:15:33.531] [bmv2] [T] [thread 15070] bm_table_add_entry
[10:15:33.531] [bmv2] [D] [thread 15070] Entry 2 added to table 'MyIngress.matchTable'
[10:15:33.531] [bmv2] [D] [thread 15070] Dumping entry 2
Match key:
* hdr.ethernet.dstAddr: EXACT     00000a000003
Action entry: MyIngress.actionTableRepeater - 3,

[10:15:33.531] [bmv2] [T] [thread 15070] bm_table_add_entry
[10:15:33.531] [bmv2] [D] [thread 15070] Entry 3 added to table 'MyIngress.matchTable'
[10:15:33.531] [bmv2] [D] [thread 15070] Dumping entry 3
Match key:
* hdr.ethernet.dstAddr: EXACT     00000a000004
Action entry: MyIngress.actionTableRepeater - 4,

open: No such file or directory
open: No such file or directory
open: No such file or directory
