Warning: you requested the nanomsg event logger, but bmv2 was compiled without -DBMELOG, and the event logger cannot be activated
Calling target program-options parser
[08:45:06.983] [bmv2] [D] [thread 9332] Set default default entry for table 'MyIngress.matchTable': NoAction - 
Adding interface s1-eth1 as port 1
[08:45:06.984] [bmv2] [D] [thread 9332] Adding interface s1-eth1 as port 1
Adding interface s1-eth2 as port 2
[08:45:07.012] [bmv2] [D] [thread 9332] Adding interface s1-eth2 as port 2
[08:45:07.039] [bmv2] [I] [thread 9332] Starting Thrift server on port 9090
[08:45:07.040] [bmv2] [I] [thread 9332] Thrift server was started
[08:45:07.409] [bmv2] [D] [thread 9338] [0.0] [cxt 0] Processing packet received on port 1
[08:45:07.409] [bmv2] [D] [thread 9338] [0.0] [cxt 0] Parser 'parser': start
[08:45:07.409] [bmv2] [D] [thread 9338] [0.0] [cxt 0] Parser 'parser' entering state 'start'
[08:45:07.409] [bmv2] [D] [thread 9338] [0.0] [cxt 0] Parser state 'start' has no switch, going to default next state
[08:45:07.409] [bmv2] [T] [thread 9338] [0.0] [cxt 0] Bytes parsed: 0
[08:45:07.409] [bmv2] [D] [thread 9338] [0.0] [cxt 0] Parser 'parser': end
[08:45:07.409] [bmv2] [D] [thread 9338] [0.0] [cxt 0] Pipeline 'ingress': start
[08:45:07.409] [bmv2] [T] [thread 9338] [0.0] [cxt 0] Applying table 'MyIngress.matchTable'
[08:45:07.410] [bmv2] [D] [thread 9338] [0.0] [cxt 0] Looking up key:
* standard_metadata.ingress_port: 0001

[08:45:07.410] [bmv2] [D] [thread 9338] [0.0] [cxt 0] Table 'MyIngress.matchTable': miss
[08:45:07.410] [bmv2] [D] [thread 9338] [0.0] [cxt 0] Action entry is NoAction - 
[08:45:07.410] [bmv2] [T] [thread 9338] [0.0] [cxt 0] Action NoAction
[08:45:07.410] [bmv2] [D] [thread 9338] [0.0] [cxt 0] Pipeline 'ingress': end
[08:45:07.410] [bmv2] [D] [thread 9338] [0.0] [cxt 0] Egress port is 0
[08:45:07.412] [bmv2] [D] [thread 9339] [0.0] [cxt 0] Pipeline 'egress': start
[08:45:07.412] [bmv2] [D] [thread 9339] [0.0] [cxt 0] Pipeline 'egress': end
[08:45:07.412] [bmv2] [D] [thread 9339] [0.0] [cxt 0] Deparser 'deparser': start
[08:45:07.412] [bmv2] [D] [thread 9339] [0.0] [cxt 0] Deparser 'deparser': end
[08:45:07.412] [bmv2] [D] [thread 9343] [0.0] [cxt 0] Transmitting packet of size 78 out of port 0
[08:45:07.428] [bmv2] [D] [thread 9338] [1.0] [cxt 0] Processing packet received on port 1
[08:45:07.428] [bmv2] [D] [thread 9338] [1.0] [cxt 0] Parser 'parser': start
[08:45:07.428] [bmv2] [D] [thread 9338] [1.0] [cxt 0] Parser 'parser' entering state 'start'
[08:45:07.428] [bmv2] [D] [thread 9338] [1.0] [cxt 0] Parser state 'start' has no switch, going to default next state
[08:45:07.428] [bmv2] [T] [thread 9338] [1.0] [cxt 0] Bytes parsed: 0
[08:45:07.428] [bmv2] [D] [thread 9338] [1.0] [cxt 0] Parser 'parser': end
[08:45:07.428] [bmv2] [D] [thread 9338] [1.0] [cxt 0] Pipeline 'ingress': start
[08:45:07.428] [bmv2] [T] [thread 9338] [1.0] [cxt 0] Applying table 'MyIngress.matchTable'
[08:45:07.429] [bmv2] [D] [thread 9338] [1.0] [cxt 0] Looking up key:
* standard_metadata.ingress_port: 0001

[08:45:07.429] [bmv2] [D] [thread 9338] [1.0] [cxt 0] Table 'MyIngress.matchTable': miss
[08:45:07.429] [bmv2] [D] [thread 9338] [1.0] [cxt 0] Action entry is NoAction - 
[08:45:07.429] [bmv2] [T] [thread 9338] [1.0] [cxt 0] Action NoAction
[08:45:07.429] [bmv2] [D] [thread 9338] [1.0] [cxt 0] Pipeline 'ingress': end
[08:45:07.429] [bmv2] [D] [thread 9338] [1.0] [cxt 0] Egress port is 0
[08:45:07.429] [bmv2] [D] [thread 9339] [1.0] [cxt 0] Pipeline 'egress': start
[08:45:07.430] [bmv2] [D] [thread 9339] [1.0] [cxt 0] Pipeline 'egress': end
[08:45:07.430] [bmv2] [D] [thread 9339] [1.0] [cxt 0] Deparser 'deparser': start
[08:45:07.430] [bmv2] [D] [thread 9339] [1.0] [cxt 0] Deparser 'deparser': end
[08:45:07.430] [bmv2] [D] [thread 9343] [1.0] [cxt 0] Transmitting packet of size 90 out of port 0
[08:45:07.735] [bmv2] [D] [thread 9338] [2.0] [cxt 0] Processing packet received on port 2
[08:45:07.735] [bmv2] [D] [thread 9338] [2.0] [cxt 0] Parser 'parser': start
[08:45:07.735] [bmv2] [D] [thread 9338] [2.0] [cxt 0] Parser 'parser' entering state 'start'
[08:45:07.735] [bmv2] [D] [thread 9338] [2.0] [cxt 0] Parser state 'start' has no switch, going to default next state
[08:45:07.736] [bmv2] [T] [thread 9338] [2.0] [cxt 0] Bytes parsed: 0
[08:45:07.736] [bmv2] [D] [thread 9338] [2.0] [cxt 0] Parser 'parser': end
[08:45:07.736] [bmv2] [D] [thread 9338] [2.0] [cxt 0] Pipeline 'ingress': start
[08:45:07.736] [bmv2] [T] [thread 9338] [2.0] [cxt 0] Applying table 'MyIngress.matchTable'
[08:45:07.736] [bmv2] [D] [thread 9338] [2.0] [cxt 0] Looking up key:
* standard_metadata.ingress_port: 0002

[08:45:07.736] [bmv2] [D] [thread 9338] [2.0] [cxt 0] Table 'MyIngress.matchTable': miss
[08:45:07.736] [bmv2] [D] [thread 9338] [2.0] [cxt 0] Action entry is NoAction - 
[08:45:07.736] [bmv2] [T] [thread 9338] [2.0] [cxt 0] Action NoAction
[08:45:07.736] [bmv2] [D] [thread 9338] [2.0] [cxt 0] Pipeline 'ingress': end
[08:45:07.736] [bmv2] [D] [thread 9338] [2.0] [cxt 0] Egress port is 0
[08:45:07.737] [bmv2] [D] [thread 9339] [2.0] [cxt 0] Pipeline 'egress': start
[08:45:07.737] [bmv2] [D] [thread 9339] [2.0] [cxt 0] Pipeline 'egress': end
[08:45:07.737] [bmv2] [D] [thread 9339] [2.0] [cxt 0] Deparser 'deparser': start
[08:45:07.737] [bmv2] [D] [thread 9339] [2.0] [cxt 0] Deparser 'deparser': end
[08:45:07.737] [bmv2] [D] [thread 9343] [2.0] [cxt 0] Transmitting packet of size 90 out of port 0
[08:45:07.812] [bmv2] [D] [thread 9338] [3.0] [cxt 0] Processing packet received on port 2
[08:45:07.812] [bmv2] [D] [thread 9338] [3.0] [cxt 0] Parser 'parser': start
[08:45:07.812] [bmv2] [D] [thread 9338] [3.0] [cxt 0] Parser 'parser' entering state 'start'
[08:45:07.812] [bmv2] [D] [thread 9338] [3.0] [cxt 0] Parser state 'start' has no switch, going to default next state
[08:45:07.812] [bmv2] [T] [thread 9338] [3.0] [cxt 0] Bytes parsed: 0
[08:45:07.812] [bmv2] [D] [thread 9338] [3.0] [cxt 0] Parser 'parser': end
[08:45:07.812] [bmv2] [D] [thread 9338] [3.0] [cxt 0] Pipeline 'ingress': start
[08:45:07.812] [bmv2] [T] [thread 9338] [3.0] [cxt 0] Applying table 'MyIngress.matchTable'
[08:45:07.812] [bmv2] [D] [thread 9338] [3.0] [cxt 0] Looking up key:
* standard_metadata.ingress_port: 0002

[08:45:07.812] [bmv2] [D] [thread 9338] [3.0] [cxt 0] Table 'MyIngress.matchTable': miss
[08:45:07.812] [bmv2] [D] [thread 9338] [3.0] [cxt 0] Action entry is NoAction - 
[08:45:07.813] [bmv2] [T] [thread 9338] [3.0] [cxt 0] Action NoAction
[08:45:07.813] [bmv2] [D] [thread 9338] [3.0] [cxt 0] Pipeline 'ingress': end
[08:45:07.813] [bmv2] [D] [thread 9338] [3.0] [cxt 0] Egress port is 0
[08:45:07.813] [bmv2] [D] [thread 9339] [3.0] [cxt 0] Pipeline 'egress': start
[08:45:07.813] [bmv2] [D] [thread 9339] [3.0] [cxt 0] Pipeline 'egress': end
[08:45:07.813] [bmv2] [D] [thread 9339] [3.0] [cxt 0] Deparser 'deparser': start
[08:45:07.813] [bmv2] [D] [thread 9339] [3.0] [cxt 0] Deparser 'deparser': end
[08:45:07.813] [bmv2] [D] [thread 9343] [3.0] [cxt 0] Transmitting packet of size 78 out of port 0
[08:45:56.209] [bmv2] [T] [thread 9400] bm_get_config
[08:46:22.347] [bmv2] [T] [thread 9400] bm_table_add_entry
[08:46:22.347] [bmv2] [D] [thread 9400] Entry 0 added to table 'MyIngress.matchTable'
[08:46:22.347] [bmv2] [D] [thread 9400] Dumping entry 0
Match key:
* standard_metadata.ingress_port: EXACT     0001
Action entry: MyIngress.actionRepeater - 2,

[08:46:28.926] [bmv2] [T] [thread 9400] bm_table_add_entry
[08:46:28.927] [bmv2] [D] [thread 9400] Entry 1 added to table 'MyIngress.matchTable'
[08:46:28.927] [bmv2] [D] [thread 9400] Dumping entry 1
Match key:
* standard_metadata.ingress_port: EXACT     0002
Action entry: MyIngress.actionRepeater - 1,

[08:46:57.661] [bmv2] [D] [thread 9338] [4.0] [cxt 0] Processing packet received on port 1
[08:46:57.661] [bmv2] [D] [thread 9338] [4.0] [cxt 0] Parser 'parser': start
[08:46:57.662] [bmv2] [D] [thread 9338] [4.0] [cxt 0] Parser 'parser' entering state 'start'
[08:46:57.662] [bmv2] [D] [thread 9338] [4.0] [cxt 0] Parser state 'start' has no switch, going to default next state
[08:46:57.662] [bmv2] [T] [thread 9338] [4.0] [cxt 0] Bytes parsed: 0
[08:46:57.662] [bmv2] [D] [thread 9338] [4.0] [cxt 0] Parser 'parser': end
[08:46:57.662] [bmv2] [D] [thread 9338] [4.0] [cxt 0] Pipeline 'ingress': start
[08:46:57.662] [bmv2] [T] [thread 9338] [4.0] [cxt 0] Applying table 'MyIngress.matchTable'
[08:46:57.662] [bmv2] [D] [thread 9338] [4.0] [cxt 0] Looking up key:
* standard_metadata.ingress_port: 0001

[08:46:57.662] [bmv2] [D] [thread 9338] [4.0] [cxt 0] Table 'MyIngress.matchTable': hit with handle 0
[08:46:57.662] [bmv2] [D] [thread 9338] [4.0] [cxt 0] Dumping entry 0
Match key:
* standard_metadata.ingress_port: EXACT     0001
Action entry: MyIngress.actionRepeater - 2,

[08:46:57.662] [bmv2] [D] [thread 9338] [4.0] [cxt 0] Action entry is MyIngress.actionRepeater - 2,
[08:46:57.662] [bmv2] [T] [thread 9338] [4.0] [cxt 0] Action MyIngress.actionRepeater
[08:46:57.662] [bmv2] [T] [thread 9338] [4.0] [cxt 0] repeater.p4(48) Primitive standard_metadata.egress_spec = port
[08:46:57.662] [bmv2] [D] [thread 9338] [4.0] [cxt 0] Pipeline 'ingress': end
[08:46:57.662] [bmv2] [D] [thread 9338] [4.0] [cxt 0] Egress port is 2
[08:46:57.662] [bmv2] [D] [thread 9341] [4.0] [cxt 0] Pipeline 'egress': start
[08:46:57.662] [bmv2] [D] [thread 9341] [4.0] [cxt 0] Pipeline 'egress': end
[08:46:57.662] [bmv2] [D] [thread 9341] [4.0] [cxt 0] Deparser 'deparser': start
[08:46:57.662] [bmv2] [D] [thread 9341] [4.0] [cxt 0] Deparser 'deparser': end
[08:46:57.663] [bmv2] [D] [thread 9343] [4.0] [cxt 0] Transmitting packet of size 39 out of port 2
[08:46:57.667] [bmv2] [D] [thread 9338] [5.0] [cxt 0] Processing packet received on port 2
[08:46:57.667] [bmv2] [D] [thread 9338] [5.0] [cxt 0] Parser 'parser': start
[08:46:57.667] [bmv2] [D] [thread 9338] [5.0] [cxt 0] Parser 'parser' entering state 'start'
[08:46:57.667] [bmv2] [D] [thread 9338] [5.0] [cxt 0] Parser state 'start' has no switch, going to default next state
[08:46:57.668] [bmv2] [T] [thread 9338] [5.0] [cxt 0] Bytes parsed: 0
[08:46:57.668] [bmv2] [D] [thread 9338] [5.0] [cxt 0] Parser 'parser': end
[08:46:57.668] [bmv2] [D] [thread 9338] [5.0] [cxt 0] Pipeline 'ingress': start
[08:46:57.668] [bmv2] [T] [thread 9338] [5.0] [cxt 0] Applying table 'MyIngress.matchTable'
[08:46:57.668] [bmv2] [D] [thread 9338] [5.0] [cxt 0] Looking up key:
* standard_metadata.ingress_port: 0002

[08:46:57.668] [bmv2] [D] [thread 9338] [5.0] [cxt 0] Table 'MyIngress.matchTable': hit with handle 1
[08:46:57.668] [bmv2] [D] [thread 9338] [5.0] [cxt 0] Dumping entry 1
Match key:
* standard_metadata.ingress_port: EXACT     0002
Action entry: MyIngress.actionRepeater - 1,

[08:46:57.668] [bmv2] [D] [thread 9338] [5.0] [cxt 0] Action entry is MyIngress.actionRepeater - 1,
[08:46:57.668] [bmv2] [T] [thread 9338] [5.0] [cxt 0] Action MyIngress.actionRepeater
[08:46:57.668] [bmv2] [T] [thread 9338] [5.0] [cxt 0] repeater.p4(48) Primitive standard_metadata.egress_spec = port
[08:46:57.668] [bmv2] [D] [thread 9338] [5.0] [cxt 0] Pipeline 'ingress': end
[08:46:57.668] [bmv2] [D] [thread 9338] [5.0] [cxt 0] Egress port is 1
[08:46:57.668] [bmv2] [D] [thread 9340] [5.0] [cxt 0] Pipeline 'egress': start
[08:46:57.668] [bmv2] [D] [thread 9340] [5.0] [cxt 0] Pipeline 'egress': end
[08:46:57.668] [bmv2] [D] [thread 9340] [5.0] [cxt 0] Deparser 'deparser': start
[08:46:57.668] [bmv2] [D] [thread 9340] [5.0] [cxt 0] Deparser 'deparser': end
[08:46:57.668] [bmv2] [D] [thread 9343] [5.0] [cxt 0] Transmitting packet of size 67 out of port 1
