Warning: you requested the nanomsg event logger, but bmv2 was compiled without -DBMELOG, and the event logger cannot be activated
Calling target program-options parser
[08:44:08.715] [bmv2] [D] [thread 9053] Set default default entry for table 'tbl_repeater58': repeater58 - 
[08:44:08.715] [bmv2] [D] [thread 9053] Set default default entry for table 'tbl_repeater60': repeater60 - 
Adding interface s1-eth1 as port 1
[08:44:08.716] [bmv2] [D] [thread 9053] Adding interface s1-eth1 as port 1
Adding interface s1-eth2 as port 2
[08:44:08.747] [bmv2] [D] [thread 9053] Adding interface s1-eth2 as port 2
[08:44:08.772] [bmv2] [I] [thread 9053] Starting Thrift server on port 9090
[08:44:08.773] [bmv2] [I] [thread 9053] Thrift server was started
[08:44:08.916] [bmv2] [D] [thread 9059] [0.0] [cxt 0] Processing packet received on port 1
[08:44:08.916] [bmv2] [D] [thread 9059] [0.0] [cxt 0] Parser 'parser': start
[08:44:08.916] [bmv2] [D] [thread 9059] [0.0] [cxt 0] Parser 'parser' entering state 'start'
[08:44:08.916] [bmv2] [D] [thread 9059] [0.0] [cxt 0] Parser state 'start' has no switch, going to default next state
[08:44:08.917] [bmv2] [T] [thread 9059] [0.0] [cxt 0] Bytes parsed: 0
[08:44:08.917] [bmv2] [D] [thread 9059] [0.0] [cxt 0] Parser 'parser': end
[08:44:08.917] [bmv2] [D] [thread 9059] [0.0] [cxt 0] Pipeline 'ingress': start
[08:44:08.917] [bmv2] [T] [thread 9059] [0.0] [cxt 0] repeater.p4(57) Condition "standard_metadata.ingress_port == 1" (node_2) is true
[08:44:08.917] [bmv2] [T] [thread 9059] [0.0] [cxt 0] Applying table 'tbl_repeater58'
[08:44:08.917] [bmv2] [D] [thread 9059] [0.0] [cxt 0] Looking up key:

[08:44:08.917] [bmv2] [D] [thread 9059] [0.0] [cxt 0] Table 'tbl_repeater58': miss
[08:44:08.917] [bmv2] [D] [thread 9059] [0.0] [cxt 0] Action entry is repeater58 - 
[08:44:08.917] [bmv2] [T] [thread 9059] [0.0] [cxt 0] Action repeater58
[08:44:08.917] [bmv2] [T] [thread 9059] [0.0] [cxt 0] repeater.p4(58) Primitive standard_metadata.egress_spec = 2
[08:44:08.917] [bmv2] [D] [thread 9059] [0.0] [cxt 0] Pipeline 'ingress': end
[08:44:08.917] [bmv2] [D] [thread 9059] [0.0] [cxt 0] Egress port is 2
[08:44:08.918] [bmv2] [D] [thread 9062] [0.0] [cxt 0] Pipeline 'egress': start
[08:44:08.918] [bmv2] [D] [thread 9062] [0.0] [cxt 0] Pipeline 'egress': end
[08:44:08.918] [bmv2] [D] [thread 9062] [0.0] [cxt 0] Deparser 'deparser': start
[08:44:08.918] [bmv2] [D] [thread 9062] [0.0] [cxt 0] Deparser 'deparser': end
[08:44:08.918] [bmv2] [D] [thread 9064] [0.0] [cxt 0] Transmitting packet of size 78 out of port 2
[08:44:08.984] [bmv2] [D] [thread 9059] [1.0] [cxt 0] Processing packet received on port 2
[08:44:08.984] [bmv2] [D] [thread 9059] [1.0] [cxt 0] Parser 'parser': start
[08:44:08.984] [bmv2] [D] [thread 9059] [1.0] [cxt 0] Parser 'parser' entering state 'start'
[08:44:08.984] [bmv2] [D] [thread 9059] [1.0] [cxt 0] Parser state 'start' has no switch, going to default next state
[08:44:08.984] [bmv2] [T] [thread 9059] [1.0] [cxt 0] Bytes parsed: 0
[08:44:08.984] [bmv2] [D] [thread 9059] [1.0] [cxt 0] Parser 'parser': end
[08:44:08.984] [bmv2] [D] [thread 9059] [1.0] [cxt 0] Pipeline 'ingress': start
[08:44:08.984] [bmv2] [T] [thread 9059] [1.0] [cxt 0] repeater.p4(57) Condition "standard_metadata.ingress_port == 1" (node_2) is false
[08:44:08.984] [bmv2] [T] [thread 9059] [1.0] [cxt 0] Applying table 'tbl_repeater60'
[08:44:08.984] [bmv2] [D] [thread 9059] [1.0] [cxt 0] Looking up key:

[08:44:08.984] [bmv2] [D] [thread 9059] [1.0] [cxt 0] Table 'tbl_repeater60': miss
[08:44:08.985] [bmv2] [D] [thread 9059] [1.0] [cxt 0] Action entry is repeater60 - 
[08:44:08.985] [bmv2] [T] [thread 9059] [1.0] [cxt 0] Action repeater60
[08:44:08.985] [bmv2] [T] [thread 9059] [1.0] [cxt 0] repeater.p4(60) Primitive standard_metadata.egress_spec = 1
[08:44:08.985] [bmv2] [D] [thread 9059] [1.0] [cxt 0] Pipeline 'ingress': end
[08:44:08.985] [bmv2] [D] [thread 9059] [1.0] [cxt 0] Egress port is 1
[08:44:08.985] [bmv2] [D] [thread 9061] [1.0] [cxt 0] Pipeline 'egress': start
[08:44:08.985] [bmv2] [D] [thread 9061] [1.0] [cxt 0] Pipeline 'egress': end
[08:44:08.985] [bmv2] [D] [thread 9061] [1.0] [cxt 0] Deparser 'deparser': start
[08:44:08.985] [bmv2] [D] [thread 9061] [1.0] [cxt 0] Deparser 'deparser': end
[08:44:08.985] [bmv2] [D] [thread 9064] [1.0] [cxt 0] Transmitting packet of size 90 out of port 1
[08:44:09.020] [bmv2] [D] [thread 9059] [2.0] [cxt 0] Processing packet received on port 2
[08:44:09.020] [bmv2] [D] [thread 9059] [2.0] [cxt 0] Parser 'parser': start
[08:44:09.020] [bmv2] [D] [thread 9059] [2.0] [cxt 0] Parser 'parser' entering state 'start'
[08:44:09.020] [bmv2] [D] [thread 9059] [2.0] [cxt 0] Parser state 'start' has no switch, going to default next state
[08:44:09.020] [bmv2] [T] [thread 9059] [2.0] [cxt 0] Bytes parsed: 0
[08:44:09.020] [bmv2] [D] [thread 9059] [2.0] [cxt 0] Parser 'parser': end
[08:44:09.020] [bmv2] [D] [thread 9059] [2.0] [cxt 0] Pipeline 'ingress': start
[08:44:09.020] [bmv2] [T] [thread 9059] [2.0] [cxt 0] repeater.p4(57) Condition "standard_metadata.ingress_port == 1" (node_2) is false
[08:44:09.020] [bmv2] [T] [thread 9059] [2.0] [cxt 0] Applying table 'tbl_repeater60'
[08:44:09.020] [bmv2] [D] [thread 9059] [2.0] [cxt 0] Looking up key:

[08:44:09.020] [bmv2] [D] [thread 9059] [2.0] [cxt 0] Table 'tbl_repeater60': miss
[08:44:09.020] [bmv2] [D] [thread 9059] [2.0] [cxt 0] Action entry is repeater60 - 
[08:44:09.020] [bmv2] [T] [thread 9059] [2.0] [cxt 0] Action repeater60
[08:44:09.021] [bmv2] [T] [thread 9059] [2.0] [cxt 0] repeater.p4(60) Primitive standard_metadata.egress_spec = 1
[08:44:09.021] [bmv2] [D] [thread 9059] [2.0] [cxt 0] Pipeline 'ingress': end
[08:44:09.021] [bmv2] [D] [thread 9059] [2.0] [cxt 0] Egress port is 1
[08:44:09.021] [bmv2] [D] [thread 9061] [2.0] [cxt 0] Pipeline 'egress': start
[08:44:09.021] [bmv2] [D] [thread 9061] [2.0] [cxt 0] Pipeline 'egress': end
[08:44:09.021] [bmv2] [D] [thread 9061] [2.0] [cxt 0] Deparser 'deparser': start
[08:44:09.021] [bmv2] [D] [thread 9061] [2.0] [cxt 0] Deparser 'deparser': end
[08:44:09.021] [bmv2] [D] [thread 9064] [2.0] [cxt 0] Transmitting packet of size 78 out of port 1
[08:44:40.666] [bmv2] [D] [thread 9059] [3.0] [cxt 0] Processing packet received on port 1
[08:44:40.666] [bmv2] [D] [thread 9059] [3.0] [cxt 0] Parser 'parser': start
[08:44:40.666] [bmv2] [D] [thread 9059] [3.0] [cxt 0] Parser 'parser' entering state 'start'
[08:44:40.666] [bmv2] [D] [thread 9059] [3.0] [cxt 0] Parser state 'start' has no switch, going to default next state
[08:44:40.666] [bmv2] [T] [thread 9059] [3.0] [cxt 0] Bytes parsed: 0
[08:44:40.666] [bmv2] [D] [thread 9059] [3.0] [cxt 0] Parser 'parser': end
[08:44:40.666] [bmv2] [D] [thread 9059] [3.0] [cxt 0] Pipeline 'ingress': start
[08:44:40.667] [bmv2] [T] [thread 9059] [3.0] [cxt 0] repeater.p4(57) Condition "standard_metadata.ingress_port == 1" (node_2) is true
[08:44:40.667] [bmv2] [T] [thread 9059] [3.0] [cxt 0] Applying table 'tbl_repeater58'
[08:44:40.667] [bmv2] [D] [thread 9059] [3.0] [cxt 0] Looking up key:

[08:44:40.667] [bmv2] [D] [thread 9059] [3.0] [cxt 0] Table 'tbl_repeater58': miss
[08:44:40.667] [bmv2] [D] [thread 9059] [3.0] [cxt 0] Action entry is repeater58 - 
[08:44:40.667] [bmv2] [T] [thread 9059] [3.0] [cxt 0] Action repeater58
[08:44:40.667] [bmv2] [T] [thread 9059] [3.0] [cxt 0] repeater.p4(58) Primitive standard_metadata.egress_spec = 2
[08:44:40.667] [bmv2] [D] [thread 9059] [3.0] [cxt 0] Pipeline 'ingress': end
[08:44:40.667] [bmv2] [D] [thread 9059] [3.0] [cxt 0] Egress port is 2
[08:44:40.668] [bmv2] [D] [thread 9062] [3.0] [cxt 0] Pipeline 'egress': start
[08:44:40.668] [bmv2] [D] [thread 9062] [3.0] [cxt 0] Pipeline 'egress': end
[08:44:40.668] [bmv2] [D] [thread 9062] [3.0] [cxt 0] Deparser 'deparser': start
[08:44:40.668] [bmv2] [D] [thread 9062] [3.0] [cxt 0] Deparser 'deparser': end
[08:44:40.668] [bmv2] [D] [thread 9064] [3.0] [cxt 0] Transmitting packet of size 39 out of port 2
[08:44:40.668] [bmv2] [D] [thread 9059] [4.0] [cxt 0] Processing packet received on port 2
[08:44:40.669] [bmv2] [D] [thread 9059] [4.0] [cxt 0] Parser 'parser': start
[08:44:40.669] [bmv2] [D] [thread 9059] [4.0] [cxt 0] Parser 'parser' entering state 'start'
[08:44:40.669] [bmv2] [D] [thread 9059] [4.0] [cxt 0] Parser state 'start' has no switch, going to default next state
[08:44:40.669] [bmv2] [T] [thread 9059] [4.0] [cxt 0] Bytes parsed: 0
[08:44:40.669] [bmv2] [D] [thread 9059] [4.0] [cxt 0] Parser 'parser': end
[08:44:40.669] [bmv2] [D] [thread 9059] [4.0] [cxt 0] Pipeline 'ingress': start
[08:44:40.669] [bmv2] [T] [thread 9059] [4.0] [cxt 0] repeater.p4(57) Condition "standard_metadata.ingress_port == 1" (node_2) is false
[08:44:40.669] [bmv2] [T] [thread 9059] [4.0] [cxt 0] Applying table 'tbl_repeater60'
[08:44:40.669] [bmv2] [D] [thread 9059] [4.0] [cxt 0] Looking up key:

[08:44:40.669] [bmv2] [D] [thread 9059] [4.0] [cxt 0] Table 'tbl_repeater60': miss
[08:44:40.669] [bmv2] [D] [thread 9059] [4.0] [cxt 0] Action entry is repeater60 - 
[08:44:40.669] [bmv2] [T] [thread 9059] [4.0] [cxt 0] Action repeater60
[08:44:40.669] [bmv2] [T] [thread 9059] [4.0] [cxt 0] repeater.p4(60) Primitive standard_metadata.egress_spec = 1
[08:44:40.669] [bmv2] [D] [thread 9059] [4.0] [cxt 0] Pipeline 'ingress': end
[08:44:40.669] [bmv2] [D] [thread 9059] [4.0] [cxt 0] Egress port is 1
[08:44:40.669] [bmv2] [D] [thread 9061] [4.0] [cxt 0] Pipeline 'egress': start
[08:44:40.669] [bmv2] [D] [thread 9061] [4.0] [cxt 0] Pipeline 'egress': end
[08:44:40.670] [bmv2] [D] [thread 9061] [4.0] [cxt 0] Deparser 'deparser': start
[08:44:40.670] [bmv2] [D] [thread 9061] [4.0] [cxt 0] Deparser 'deparser': end
[08:44:40.670] [bmv2] [D] [thread 9064] [4.0] [cxt 0] Transmitting packet of size 67 out of port 1
